 * Serving Flask app 'server'
 * Debug mode: on
WARNING: This is a development server. Do not use it in a production deployment. Use a production WSGI server instead.
 * Running on http://127.0.0.1:5050
Press CTRL+C to quit
127.0.0.1 - - [18/Jul/2026 15:51:10] "GET /api/adspower/profiles HTTP/1.1" 500 -
Traceback (most recent call last):
  File "C:\Users\kaybr\AppData\Local\Programs\Python\Python311\Lib\site-packages\urllib3\connection.py", line 204, in _new_conn
    sock = connection.create_connection(
           ^^^^^^^^^^^^^^^^^^^^^^^^^^^^^
  File "C:\Users\kaybr\AppData\Local\Programs\Python\Python311\Lib\site-packages\urllib3\util\connection.py", line 85, in create_connection
    raise err
  File "C:\Users\kaybr\AppData\Local\Programs\Python\Python311\Lib\site-packages\urllib3\util\connection.py", line 73, in create_connection
    sock.connect(sa)
ConnectionRefusedError: [WinError 10061] Nenhuma conexăo pôde ser feita porque a máquina de destino as recusou ativamente

The above exception was the direct cause of the following exception:

Traceback (most recent call last):
  File "C:\Users\kaybr\AppData\Local\Programs\Python\Python311\Lib\site-packages\urllib3\connectionpool.py", line 788, in urlopen
    response = self._make_request(
               ^^^^^^^^^^^^^^^^^^^
  File "C:\Users\kaybr\AppData\Local\Programs\Python\Python311\Lib\site-packages\urllib3\connectionpool.py", line 493, in _make_request
    conn.request(
  File "C:\Users\kaybr\AppData\Local\Programs\Python\Python311\Lib\site-packages\urllib3\connection.py", line 500, in request
    self.endheaders()
  File "C:\Users\kaybr\AppData\Local\Programs\Python\Python311\Lib\http\client.py", line 1277, in endheaders
    self._send_output(message_body, encode_chunked=encode_chunked)
  File "C:\Users\kaybr\AppData\Local\Programs\Python\Python311\Lib\http\client.py", line 1037, in _send_output
    self.send(msg)
  File "C:\Users\kaybr\AppData\Local\Programs\Python\Python311\Lib\http\client.py", line 975, in send
    self.connect()
  File "C:\Users\kaybr\AppData\Local\Programs\Python\Python311\Lib\site-packages\urllib3\connection.py", line 331, in connect
    self.sock = self._new_conn()
                ^^^^^^^^^^^^^^^^
  File "C:\Users\kaybr\AppData\Local\Programs\Python\Python311\Lib\site-packages\urllib3\connection.py", line 219, in _new_conn
    raise NewConnectionError(
urllib3.exceptions.NewConnectionError: HTTPConnection(host='local.adspower.net', port=50413): Failed to establish a new connection: [WinError 10061] Nenhuma conexăo pôde ser feita porque a máquina de destino as recusou ativamente

The above exception was the direct cause of the following exception:

Traceback (most recent call last):
  File "C:\Users\kaybr\AppData\Local\Programs\Python\Python311\Lib\site-packages\requests\adapters.py", line 667, in send
    resp = conn.urlopen(
           ^^^^^^^^^^^^^
  File "C:\Users\kaybr\AppData\Local\Programs\Python\Python311\Lib\site-packages\urllib3\connectionpool.py", line 842, in urlopen
    retries = retries.increment(
              ^^^^^^^^^^^^^^^^^^
  File "C:\Users\kaybr\AppData\Local\Programs\Python\Python311\Lib\site-packages\urllib3\util\retry.py", line 543, in increment
    raise MaxRetryError(_pool, url, reason) from reason  # type: ignore[arg-type]
urllib3.exceptions.MaxRetryError: HTTPConnectionPool(host='local.adspower.net', port=50413): Max retries exceeded with url: /api/v1/user/list?page=1&page_size=100 (Caused by NewConnectionError("HTTPConnection(host='local.adspower.net', port=50413): Failed to establish a new connection: [WinError 10061] Nenhuma conexăo pôde ser feita porque a máquina de destino as recusou ativamente"))

During handling of the above exception, another exception occurred:

Traceback (most recent call last):
  File "C:\Users\kaybr\AppData\Local\Programs\Python\Python311\Lib\site-packages\flask\app.py", line 1498, in __call__
    return self.wsgi_app(environ, start_response)
           ^^^^^^^^^^^^^^^^^^^^^^^^^^^^^^^^^^^^^^
  File "C:\Users\kaybr\AppData\Local\Programs\Python\Python311\Lib\site-packages\flask\app.py", line 1476, in wsgi_app
    response = self.handle_exception(e)
               ^^^^^^^^^^^^^^^^^^^^^^^^
  File "C:\Users\kaybr\AppData\Local\Programs\Python\Python311\Lib\site-packages\flask\app.py", line 1473, in wsgi_app
    response = self.full_dispatch_request()
               ^^^^^^^^^^^^^^^^^^^^^^^^^^^^
  File "C:\Users\kaybr\AppData\Local\Programs\Python\Python311\Lib\site-packages\flask\app.py", line 882, in full_dispatch_request
    rv = self.handle_user_exception(e)
         ^^^^^^^^^^^^^^^^^^^^^^^^^^^^^
  File "C:\Users\kaybr\AppData\Local\Programs\Python\Python311\Lib\site-packages\flask\app.py", line 880, in full_dispatch_request
    rv = self.dispatch_request()
         ^^^^^^^^^^^^^^^^^^^^^^^
  File "C:\Users\kaybr\AppData\Local\Programs\Python\Python311\Lib\site-packages\flask\app.py", line 865, in dispatch_request
    return self.ensure_sync(self.view_functions[rule.endpoint])(**view_args)  # type: ignore[no-any-return]
           ^^^^^^^^^^^^^^^^^^^^^^^^^^^^^^^^^^^^^^^^^^^^^^^^^^^^^^^^^^^^^^^^^^^^^^^^^^^^^^^^^^^^^^^^^^^^^^^^
  File "C:\Users\kaybr\Documents\SeleniunNESCLIW\app\web\server.py", line 156, in api_adspower_profiles
    return jsonify({"ok": True, "items": list_profiles()})
                                         ^^^^^^^^^^^^^^^^^
  File "C:\Users\kaybr\Documents\SeleniunNESCLIW\app\adspower\client.py", line 60, in list_profiles
    resp = requests.get(
           ^^^^^^^^^^^^^
  File "C:\Users\kaybr\AppData\Local\Programs\Python\Python311\Lib\site-packages\requests\api.py", line 73, in get
    return request("get", url, params=params, **kwargs)
           ^^^^^^^^^^^^^^^^^^^^^^^^^^^^^^^^^^^^^^^^^^^^
  File "C:\Users\kaybr\AppData\Local\Programs\Python\Python311\Lib\site-packages\requests\api.py", line 59, in request
    return session.request(method=method, url=url, **kwargs)
           ^^^^^^^^^^^^^^^^^^^^^^^^^^^^^^^^^^^^^^^^^^^^^^^^^
  File "C:\Users\kaybr\AppData\Local\Programs\Python\Python311\Lib\site-packages\requests\sessions.py", line 589, in request
    resp = self.send(prep, **send_kwargs)
           ^^^^^^^^^^^^^^^^^^^^^^^^^^^^^^
  File "C:\Users\kaybr\AppData\Local\Programs\Python\Python311\Lib\site-packages\requests\sessions.py", line 703, in send
    r = adapter.send(request, **kwargs)
        ^^^^^^^^^^^^^^^^^^^^^^^^^^^^^^^
  File "C:\Users\kaybr\AppData\Local\Programs\Python\Python311\Lib\site-packages\requests\adapters.py", line 700, in send
    raise ConnectionError(e, request=request)
requests.exceptions.ConnectionError: HTTPConnectionPool(host='local.adspower.net', port=50413): Max retries exceeded with url: /api/v1/user/list?page=1&page_size=100 (Caused by NewConnectionError("HTTPConnection(host='local.adspower.net', port=50413): Failed to establish a new connection: [WinError 10061] Nenhuma conexăo pôde ser feita porque a máquina de destino as recusou ativamente"))
127.0.0.1 - - [18/Jul/2026 15:51:25] "GET /api/automation/status HTTP/1.1" 200 -
127.0.0.1 - - [18/Jul/2026 15:51:50] "GET /api/automation/status HTTP/1.1" 200 -
127.0.0.1 - - [18/Jul/2026 15:51:53] "GET /api/automation/status HTTP/1.1" 200 -
127.0.0.1 - - [18/Jul/2026 15:51:53] "GET /api/cnpjs HTTP/1.1" 200 -
127.0.0.1 - - [18/Jul/2026 15:52:53] "GET /api/automation/status HTTP/1.1" 200 -
127.0.0.1 - - [18/Jul/2026 15:52:53] "GET /api/cnpjs HTTP/1.1" 200 -
127.0.0.1 - - [18/Jul/2026 15:53:53] "GET /api/automation/status HTTP/1.1" 200 -
127.0.0.1 - - [18/Jul/2026 15:53:53] "GET /api/cnpjs HTTP/1.1" 200 -
